Info: Generated by version: 19.1 build 240
Info: Starting: Create block symbol file (.bsf)
Info: qsys-generate F:\GitHub\KBandGlobalPSA\Quartus\designFilesPro\FifoKBandIN.ip --block-symbol-file --output-directory=F:\GitHub\KBandGlobalPSA\Quartus\designFilesPro\FifoKBandIN --family="Stratix 10" --part=1SG280HU2F50E2VG
: FifoKBandIN.fifo_0: Targeting device family: Stratix 10.
: FifoKBandIN.fifo_0: Tab: 'SCFIFO Options' is unavailable while using Dual-Clock FIFO.
: FifoKBandIN.fifo_0: 'Output register option' is unavailable while using Dual-Clock FIFO.
: FifoKBandIN.fifo_0: SDC file will be generated to apply correct constraints. User may experience increase in fitter compilation time
: FifoKBandIN.fifo_0: Embedded set_false_path assignment is disabled.
Info: qsys-generate succeeded.
Info: Finished: Create block symbol file (.bsf)
Info: 
Info: Starting: Create HDL design files for synthesis
Info: qsys-generate F:\GitHub\KBandGlobalPSA\Quartus\designFilesPro\FifoKBandIN.ip --synthesis=VHDL --output-directory=F:\GitHub\KBandGlobalPSA\Quartus\designFilesPro\FifoKBandIN --family="Stratix 10" --part=1SG280HU2F50E2VG
: FifoKBandIN.fifo_0: Targeting device family: Stratix 10.
: FifoKBandIN.fifo_0: Tab: 'SCFIFO Options' is unavailable while using Dual-Clock FIFO.
: FifoKBandIN.fifo_0: 'Output register option' is unavailable while using Dual-Clock FIFO.
: FifoKBandIN.fifo_0: SDC file will be generated to apply correct constraints. User may experience increase in fitter compilation time
: FifoKBandIN.fifo_0: Embedded set_false_path assignment is disabled.
Info: FifoKBandIN: "Transforming system: FifoKBandIN"
Info: FifoKBandIN: "Naming system components in system: FifoKBandIN"
Info: FifoKBandIN: "Processing generation queue"
Info: FifoKBandIN: "Generating: FifoKBandIN"
Info: FifoKBandIN: "Generating: FifoKBandIN_fifo_191_oiyhm6i"
Info: FifoKBandIN: Done "FifoKBandIN" with 2 modules, 3 files
Info: qsys-generate succeeded.
Info: Finished: Create HDL design files for synthesis
Info: Starting: Generate IP Core Documentation
Info: No documentation filesets were found for components in FifoKBandIN. No files generated.
Info: Finished: Generate IP Core Documentation
