Info: Generated by version: 19.1 build 240
Info: Starting: Create block symbol file (.bsf)
Info: qsys-generate F:\GitHub\KBandGlobalPSA\Quartus\designFilesPro\FifoKBandOUT.ip --block-symbol-file --output-directory=F:\GitHub\KBandGlobalPSA\Quartus\designFilesPro\FifoKBandOUT --family="Stratix 10" --part=1SG280HU2F50E2VG
: FifoKBandOUT.fifo_0: Targeting device family: Stratix 10.
: FifoKBandOUT.fifo_0: Tab: 'SCFIFO Options' is unavailable while using Dual-Clock FIFO.
: FifoKBandOUT.fifo_0: 'Output register option' is unavailable while using Dual-Clock FIFO.
: FifoKBandOUT.fifo_0: SDC file will be generated to apply correct constraints. User may experience increase in fitter compilation time
: FifoKBandOUT.fifo_0: Embedded set_false_path assignment is disabled.
Info: qsys-generate succeeded.
Info: Finished: Create block symbol file (.bsf)
Info: 
Info: Starting: Create HDL design files for synthesis
Info: qsys-generate F:\GitHub\KBandGlobalPSA\Quartus\designFilesPro\FifoKBandOUT.ip --synthesis=VHDL --output-directory=F:\GitHub\KBandGlobalPSA\Quartus\designFilesPro\FifoKBandOUT --family="Stratix 10" --part=1SG280HU2F50E2VG
: FifoKBandOUT.fifo_0: Targeting device family: Stratix 10.
: FifoKBandOUT.fifo_0: Tab: 'SCFIFO Options' is unavailable while using Dual-Clock FIFO.
: FifoKBandOUT.fifo_0: 'Output register option' is unavailable while using Dual-Clock FIFO.
: FifoKBandOUT.fifo_0: SDC file will be generated to apply correct constraints. User may experience increase in fitter compilation time
: FifoKBandOUT.fifo_0: Embedded set_false_path assignment is disabled.
Info: FifoKBandOUT: "Transforming system: FifoKBandOUT"
Info: FifoKBandOUT: "Naming system components in system: FifoKBandOUT"
Info: FifoKBandOUT: "Processing generation queue"
Info: FifoKBandOUT: "Generating: FifoKBandOUT"
Info: FifoKBandOUT: "Generating: FifoKBandOUT_fifo_191_bfpp2jq"
Info: FifoKBandOUT: Done "FifoKBandOUT" with 2 modules, 3 files
Info: qsys-generate succeeded.
Info: Finished: Create HDL design files for synthesis
Info: Starting: Generate IP Core Documentation
Info: No documentation filesets were found for components in FifoKBandOUT. No files generated.
Info: Finished: Generate IP Core Documentation
