Info: Generated by version: 19.1 build 240
Info: Starting: Create HDL design files for synthesis
Info: qsys-generate F:\GitHub\KBandGlobalPSA\Quartus\designFiles\KBandIPsubPro.qsys --synthesis=VHDL --output-directory=F:\GitHub\KBandGlobalPSA\Quartus\designFiles\KBandIPsubPro --family="Stratix 10" --part=1SG280HU2F50E2VG
Progress: Loading designFiles/KBandIPsubPro.qsys
Progress: Reading input file
Progress: Adding DDR [altera_generic_component 1.0]
Progress: Parameterizing module DDR
Progress: Adding KBand21_0 [altera_generic_component 1.0]
Progress: Parameterizing module KBand21_0
Progress: Adding KBandInput_1 [altera_generic_component 1.0]
Progress: Parameterizing module KBandInput_1
Progress: Adding KBandInput_2 [altera_generic_component 1.0]
Progress: Parameterizing module KBandInput_2
Progress: Adding KBandOutput [altera_generic_component 1.0]
Progress: Parameterizing module KBandOutput
Progress: Adding clk_0 [altera_generic_component 1.0]
Progress: Parameterizing module clk_0
Progress: Adding clk_internal [altera_generic_component 1.0]
Progress: Parameterizing module clk_internal
Progress: Adding mm_bridge_FPGA_Slave [altera_generic_component 1.0]
Progress: Parameterizing module mm_bridge_FPGA_Slave
Progress: Adding mm_bridge_LW [altera_generic_component 1.0]
Progress: Parameterizing module mm_bridge_LW
Progress: Adding onchip_mem_FPGA_Slave [altera_generic_component 1.0]
Progress: Parameterizing module onchip_mem_FPGA_Slave
Progress: Adding onchip_mem_LW [altera_generic_component 1.0]
Progress: Parameterizing module onchip_mem_LW
Progress: Adding onchip_mem_LW2 [altera_generic_component 1.0]
Progress: Parameterizing module onchip_mem_LW2
Progress: Adding pio_0 [altera_generic_component 1.0]
Progress: Parameterizing module pio_0
Progress: Building connections
Progress: Parameterizing connections
Progress: Validating
Progress: Done reading input file
Info: KBandIPsubPro: "Transforming system: KBandIPsubPro"
Info: KBandIPsubPro: "Naming system components in system: KBandIPsubPro"
Info: KBandIPsubPro: "Processing generation queue"
Info: KBandIPsubPro: "Generating: KBandIPsubPro"
Info: KBandIPsubPro: "Generating: KBandIPsubPro_DDR"
Info: KBandIPsubPro: "Generating: KBandIPsubPro_KBand21_0"
Info: KBandIPsubPro: "Generating: KBandIPsubPro_KBandInput_1"
Info: KBandIPsubPro: "Generating: KBandIPsubPro_KBandInput_2"
Info: KBandIPsubPro: "Generating: KBandIPsubPro_KBandOutput"
Info: KBandIPsubPro: "Generating: KBandIPsubPro_clk_0"
Info: KBandIPsubPro: "Generating: KBandIPsubPro_clk_internal"
Info: KBandIPsubPro: "Generating: KBandIPsubPro_mm_bridge_FPGA_Slave"
Info: KBandIPsubPro: "Generating: KBandIPsubPro_mm_bridge_LW"
Info: KBandIPsubPro: "Generating: KBandIPsubPro_onchip_mem_FPGA_Slave"
Info: KBandIPsubPro: "Generating: KBandIPsubPro_onchip_mem_LW"
Info: KBandIPsubPro: "Generating: KBandIPsubPro_onchip_mem_LW2"
Info: KBandIPsubPro: "Generating: KBandIPsubPro_pio_0"
Info: KBandIPsubPro: "Generating: KBandIPsubPro_altera_mm_interconnect_191_m3rafbq"
Info: KBandIPsubPro: "Generating: altera_reset_controller"
Info: KBandIPsubPro: "Generating: KBandIPsubPro_altera_merlin_master_translator_191_g7h47bq"
Info: KBandIPsubPro: "Generating: KBandIPsubPro_altera_merlin_slave_translator_191_x56fcki"
Info: KBandIPsubPro: "Generating: KBandIPsubPro_altera_merlin_master_agent_191_mpbm6tq"
Info: KBandIPsubPro: "Generating: KBandIPsubPro_altera_merlin_slave_agent_191_ncfkfri"
Info: KBandIPsubPro: "Generating: KBandIPsubPro_altera_avalon_sc_fifo_191_e5eqkcq"
Info: KBandIPsubPro: "Generating: KBandIPsubPro_altera_merlin_router_191_uvdan3a"
Info: KBandIPsubPro: "Generating: KBandIPsubPro_altera_merlin_router_191_mhjpkzi"
Info: KBandIPsubPro: "Generating: KBandIPsubPro_altera_merlin_router_191_nh3sovq"
Info: KBandIPsubPro: "Generating: KBandIPsubPro_altera_merlin_router_191_6hyzyia"
Info: KBandIPsubPro: "Generating: KBandIPsubPro_altera_merlin_router_191_5skywri"
Info: KBandIPsubPro: "Generating: KBandIPsubPro_altera_merlin_router_191_6qje3ma"
Info: KBandIPsubPro: "Generating: KBandIPsubPro_altera_merlin_router_191_a65mj6i"
Info: KBandIPsubPro: "Generating: KBandIPsubPro_altera_merlin_router_191_p5qo7wy"
Info: KBandIPsubPro: "Generating: KBandIPsubPro_altera_merlin_router_191_5tjoejq"
Info: KBandIPsubPro: "Generating: KBandIPsubPro_altera_merlin_router_191_6gpqywq"
Info: KBandIPsubPro: "Generating: KBandIPsubPro_altera_merlin_router_191_zple4ii"
Info: KBandIPsubPro: "Generating: KBandIPsubPro_altera_merlin_traffic_limiter_191_kcba44q"
Info: my_altera_avalon_sc_fifo_dest_id_fifo: "Generating: my_altera_avalon_sc_fifo_dest_id_fifo"
Info: my_alt_hiconnect_sc_fifo_dest_id_fifo: "Generating: my_alt_hiconnect_sc_fifo_dest_id_fifo"
Info: KBandIPsubPro: "Generating: KBandIPsubPro_altera_merlin_demultiplexer_191_cnm6k3i"
Info: KBandIPsubPro: "Generating: KBandIPsubPro_altera_merlin_demultiplexer_191_y7cgvzy"
Info: KBandIPsubPro: "Generating: KBandIPsubPro_altera_merlin_demultiplexer_191_2bn4roa"
Info: KBandIPsubPro: "Generating: KBandIPsubPro_altera_merlin_demultiplexer_191_g5kheci"
Info: KBandIPsubPro: "Generating: KBandIPsubPro_altera_merlin_multiplexer_191_jj5nmmy"
Info: KBandIPsubPro: "Generating: KBandIPsubPro_altera_merlin_multiplexer_191_xu26tuy"
Info: KBandIPsubPro: "Generating: KBandIPsubPro_altera_merlin_multiplexer_191_3rzdpgq"
Info: KBandIPsubPro: "Generating: KBandIPsubPro_altera_merlin_multiplexer_191_biwmpiy"
Info: KBandIPsubPro: "Generating: KBandIPsubPro_altera_merlin_multiplexer_191_fwjb54a"
Info: KBandIPsubPro: "Generating: KBandIPsubPro_altera_merlin_demultiplexer_191_ffwmbpq"
Info: KBandIPsubPro: "Generating: KBandIPsubPro_altera_merlin_demultiplexer_191_g4vtr6a"
Info: KBandIPsubPro: "Generating: KBandIPsubPro_altera_merlin_demultiplexer_191_gkunbeq"
Info: KBandIPsubPro: "Generating: KBandIPsubPro_altera_merlin_demultiplexer_191_uqah77y"
Info: KBandIPsubPro: "Generating: KBandIPsubPro_altera_merlin_multiplexer_191_htvhovy"
Info: KBandIPsubPro: "Generating: KBandIPsubPro_altera_merlin_multiplexer_191_noxw2wy"
Info: KBandIPsubPro: "Generating: KBandIPsubPro_altera_merlin_multiplexer_191_yoxojka"
Info: KBandIPsubPro: "Generating: KBandIPsubPro_altera_merlin_multiplexer_191_r5cbqgy"
Info: KBandIPsubPro: "Generating: KBandIPsubPro_altera_merlin_width_adapter_191_lh3v6mi"
Info: KBandIPsubPro: "Generating: KBandIPsubPro_altera_merlin_width_adapter_191_aesn73i"
Info: KBandIPsubPro: "Generating: KBandIPsubPro_altera_merlin_width_adapter_191_to6zd2a"
Info: KBandIPsubPro: "Generating: KBandIPsubPro_altera_merlin_width_adapter_191_qito46y"
Info: KBandIPsubPro: "Generating: KBandIPsubPro_altera_merlin_width_adapter_191_7lpcddq"
Info: KBandIPsubPro: "Generating: KBandIPsubPro_altera_merlin_width_adapter_191_6tr6i2q"
Info: KBandIPsubPro: "Generating: KBandIPsubPro_altera_merlin_width_adapter_191_xkuq5ta"
Info: KBandIPsubPro: "Generating: KBandIPsubPro_altera_merlin_width_adapter_191_23wxfpy"
Info: KBandIPsubPro: "Generating: KBandIPsubPro_altera_merlin_traffic_limiter_191_tx37unq"
Info: KBandIPsubPro: "Generating: KBandIPsubPro_altera_merlin_traffic_limiter_191_752txqq"
Info: KBandIPsubPro: "Generating: KBandIPsubPro_alt_hiconnect_sc_fifo_191_7qtmpqq"
Info: KBandIPsubPro: Done "KBandIPsubPro" with 61 modules, 86 files
Info: qsys-generate succeeded.
Info: Finished: Create HDL design files for synthesis
